C:\USERS\ADMINISTRATOR\DESKTOP\30胡豆\HFMCOMPRESSCPRO\DEBUG\HFMCOMPRESSCPRO.EXE
C:\USERS\ADMINISTRATOR\DESKTOP\30胡豆\HFMCOMPRESSCPRO\DEBUG\HFMCOMPRESSCPRO.ILK
C:\USERS\ADMINISTRATOR\DESKTOP\30胡豆\HFMCOMPRESSCPRO\DEBUG\HFMCOMPRESSCPRO.PDB
C:\Users\Administrator\Desktop\30胡豆\HfmCompressCPro\HfmCompressCPro\Debug\cl.command.1.tlog
C:\Users\Administrator\Desktop\30胡豆\HfmCompressCPro\HfmCompressCPro\Debug\CL.read.1.tlog
C:\Users\Administrator\Desktop\30胡豆\HfmCompressCPro\HfmCompressCPro\Debug\CL.write.1.tlog
C:\Users\Administrator\Desktop\30胡豆\HfmCompressCPro\HfmCompressCPro\Debug\HfmCompressCPro.exe.embed.manifest
C:\USERS\ADMINISTRATOR\DESKTOP\30胡豆\HFMCOMPRESSCPRO\HFMCOMPRESSCPRO\DEBUG\HFMCOMPRESSCPRO.EXE.EMBED.MANIFEST.RES
C:\USERS\ADMINISTRATOR\DESKTOP\30胡豆\HFMCOMPRESSCPRO\HFMCOMPRESSCPRO\DEBUG\HFMCOMPRESSCPRO.EXE.INTERMEDIATE.MANIFEST
C:\Users\Administrator\Desktop\30胡豆\HfmCompressCPro\HfmCompressCPro\Debug\HfmCompressCPro.vcxprojResolveAssemblyReference.cache
C:\Users\Administrator\Desktop\30胡豆\HfmCompressCPro\HfmCompressCPro\Debug\HfmCompressCPro.write.1.tlog
C:\Users\Administrator\Desktop\30胡豆\HfmCompressCPro\HfmCompressCPro\Debug\HfmCompressCPro_manifest.rc
C:\Users\Administrator\Desktop\30胡豆\HfmCompressCPro\HfmCompressCPro\Debug\link.1412.read.1.tlog
C:\Users\Administrator\Desktop\30胡豆\HfmCompressCPro\HfmCompressCPro\Debug\link.1412.write.1.tlog
C:\Users\Administrator\Desktop\30胡豆\HfmCompressCPro\HfmCompressCPro\Debug\link.1412-cvtres.read.1.tlog
C:\Users\Administrator\Desktop\30胡豆\HfmCompressCPro\HfmCompressCPro\Debug\link.1412-cvtres.write.1.tlog
C:\Users\Administrator\Desktop\30胡豆\HfmCompressCPro\HfmCompressCPro\Debug\link.1612.read.1.tlog
C:\Users\Administrator\Desktop\30胡豆\HfmCompressCPro\HfmCompressCPro\Debug\link.1612.write.1.tlog
C:\Users\Administrator\Desktop\30胡豆\HfmCompressCPro\HfmCompressCPro\Debug\link.1612-cvtres.read.1.tlog
C:\Users\Administrator\Desktop\30胡豆\HfmCompressCPro\HfmCompressCPro\Debug\link.1612-cvtres.write.1.tlog
C:\Users\Administrator\Desktop\30胡豆\HfmCompressCPro\HfmCompressCPro\Debug\link.2640.read.1.tlog
C:\Users\Administrator\Desktop\30胡豆\HfmCompressCPro\HfmCompressCPro\Debug\link.2640.write.1.tlog
C:\Users\Administrator\Desktop\30胡豆\HfmCompressCPro\HfmCompressCPro\Debug\link.2640-cvtres.read.1.tlog
C:\Users\Administrator\Desktop\30胡豆\HfmCompressCPro\HfmCompressCPro\Debug\link.2640-cvtres.write.1.tlog
C:\Users\Administrator\Desktop\30胡豆\HfmCompressCPro\HfmCompressCPro\Debug\link.8780.read.1.tlog
C:\Users\Administrator\Desktop\30胡豆\HfmCompressCPro\HfmCompressCPro\Debug\link.8780.write.1.tlog
C:\Users\Administrator\Desktop\30胡豆\HfmCompressCPro\HfmCompressCPro\Debug\link.8780-cvtres.read.1.tlog
C:\Users\Administrator\Desktop\30胡豆\HfmCompressCPro\HfmCompressCPro\Debug\link.8780-cvtres.write.1.tlog
C:\Users\Administrator\Desktop\30胡豆\HfmCompressCPro\HfmCompressCPro\Debug\link.916.read.1.tlog
C:\Users\Administrator\Desktop\30胡豆\HfmCompressCPro\HfmCompressCPro\Debug\link.916.write.1.tlog
C:\Users\Administrator\Desktop\30胡豆\HfmCompressCPro\HfmCompressCPro\Debug\link.916-cvtres.read.1.tlog
C:\Users\Administrator\Desktop\30胡豆\HfmCompressCPro\HfmCompressCPro\Debug\link.916-cvtres.write.1.tlog
C:\Users\Administrator\Desktop\30胡豆\HfmCompressCPro\HfmCompressCPro\Debug\link.command.1.tlog
C:\Users\Administrator\Desktop\30胡豆\HfmCompressCPro\HfmCompressCPro\Debug\link.read.1.tlog
C:\Users\Administrator\Desktop\30胡豆\HfmCompressCPro\HfmCompressCPro\Debug\link.write.1.tlog
C:\Users\Administrator\Desktop\30胡豆\HfmCompressCPro\HfmCompressCPro\Debug\link-cvtres.read.1.tlog
C:\Users\Administrator\Desktop\30胡豆\HfmCompressCPro\HfmCompressCPro\Debug\link-cvtres.write.1.tlog
C:\USERS\ADMINISTRATOR\DESKTOP\30胡豆\HFMCOMPRESSCPRO\HFMCOMPRESSCPRO\DEBUG\MAIN.OBJ
C:\Users\Administrator\Desktop\30胡豆\HfmCompressCPro\HfmCompressCPro\Debug\mt.command.1.tlog
C:\Users\Administrator\Desktop\30胡豆\HfmCompressCPro\HfmCompressCPro\Debug\mt.read.1.tlog
C:\Users\Administrator\Desktop\30胡豆\HfmCompressCPro\HfmCompressCPro\Debug\mt.write.1.tlog
C:\Users\Administrator\Desktop\30胡豆\HfmCompressCPro\HfmCompressCPro\Debug\rc.command.1.tlog
C:\Users\Administrator\Desktop\30胡豆\HfmCompressCPro\HfmCompressCPro\Debug\rc.read.1.tlog
C:\Users\Administrator\Desktop\30胡豆\HfmCompressCPro\HfmCompressCPro\Debug\rc.write.1.tlog
C:\Users\Administrator\Desktop\30胡豆\HfmCompressCPro\HfmCompressCPro\Debug\vc100.idb
C:\USERS\ADMINISTRATOR\DESKTOP\30胡豆\HFMCOMPRESSCPRO\HFMCOMPRESSCPRO\DEBUG\VC100.PDB
E:\数据结构实验\HFMCOMPRESSCPRO\DEBUG\HFMCOMPRESSCPRO.EXE
E:\数据结构实验\HFMCOMPRESSCPRO\DEBUG\HFMCOMPRESSCPRO.ILK
E:\数据结构实验\HFMCOMPRESSCPRO\DEBUG\HFMCOMPRESSCPRO.PDB
E:\数据结构实验\HFMCOMPRESSCPRO\HFMCOMPRESSCPRO\DEBUG\HFMCOMPRESSCPRO.EXE.EMBED.MANIFEST
E:\数据结构实验\HFMCOMPRESSCPRO\HFMCOMPRESSCPRO\DEBUG\HFMCOMPRESSCPRO.EXE.EMBED.MANIFEST.RES
E:\数据结构实验\HFMCOMPRESSCPRO\HFMCOMPRESSCPRO\DEBUG\HFMCOMPRESSCPRO.EXE.INTERMEDIATE.MANIFEST
E:\数据结构实验\HFMCOMPRESSCPRO\HFMCOMPRESSCPRO\DEBUG\MAIN.OBJ
E:\数据结构实验\HFMCOMPRESSCPRO\HFMCOMPRESSCPRO\DEBUG\VC100.PDB
G:\数据结构实验\HFMCOMPRESSCPRO\DEBUG\HFMCOMPRESSCPRO.EXE
G:\数据结构实验\HFMCOMPRESSCPRO\DEBUG\HFMCOMPRESSCPRO.ILK
G:\数据结构实验\HFMCOMPRESSCPRO\DEBUG\HFMCOMPRESSCPRO.PDB
G:\数据结构实验\HFMCOMPRESSCPRO\HFMCOMPRESSCPRO\DEBUG\HFMCOMPRESSCPRO.EXE.EMBED.MANIFEST
G:\数据结构实验\HFMCOMPRESSCPRO\HFMCOMPRESSCPRO\DEBUG\HFMCOMPRESSCPRO.EXE.EMBED.MANIFEST.RES
G:\数据结构实验\HFMCOMPRESSCPRO\HFMCOMPRESSCPRO\DEBUG\HFMCOMPRESSCPRO.EXE.INTERMEDIATE.MANIFEST
G:\数据结构实验\HFMCOMPRESSCPRO\HFMCOMPRESSCPRO\DEBUG\MAIN.OBJ
G:\数据结构实验\HFMCOMPRESSCPRO\HFMCOMPRESSCPRO\DEBUG\VC100.PDB
H:\数据结构实验\HFMCOMPRESSCPRO\DEBUG\HFMCOMPRESSCPRO.EXE
H:\数据结构实验\HFMCOMPRESSCPRO\DEBUG\HFMCOMPRESSCPRO.ILK
H:\数据结构实验\HFMCOMPRESSCPRO\DEBUG\HFMCOMPRESSCPRO.PDB
H:\数据结构实验\HFMCOMPRESSCPRO\HFMCOMPRESSCPRO\DEBUG\HFMCOMPRESSCPRO.EXE.EMBED.MANIFEST
H:\数据结构实验\HFMCOMPRESSCPRO\HFMCOMPRESSCPRO\DEBUG\HFMCOMPRESSCPRO.EXE.EMBED.MANIFEST.RES
H:\数据结构实验\HFMCOMPRESSCPRO\HFMCOMPRESSCPRO\DEBUG\HFMCOMPRESSCPRO.EXE.INTERMEDIATE.MANIFEST
H:\数据结构实验\HFMCOMPRESSCPRO\HFMCOMPRESSCPRO\DEBUG\MAIN.OBJ
H:\数据结构实验\HFMCOMPRESSCPRO\HFMCOMPRESSCPRO\DEBUG\VC100.PDB
