生成启动时间为 2017/12/5 5:14:35。
     1>项目“C:\Users\Administrator\Desktop\30胡豆\HfmCompressCPro\HfmCompressCPro\HfmCompressCPro.vcxproj”在节点 2 上(build 个目标)。
     1>InitializeBuildStatus:
         正在创建“Debug\HfmCompressCPro.unsuccessfulbuild”，因为已指定“AlwaysCreate”。
       ClCompile:
         C:\Program Files (x86)\Microsoft Visual Studio 10.0\VC\bin\CL.exe /c /ZI /nologo /W3 /WX- /Od /Oy- /D WIN32 /D _DEBUG /D _CONSOLE /D _UNICODE /D UNICODE /Gm /EHsc /RTC1 /MDd /GS /fp:precise /Zc:wchar_t /Zc:forScope /Fo"Debug\\" /Fd"Debug\vc100.pdb" /Gd /TC /analyze- /errorReport:prompt Main.c
         Main.c
     1>c:\users\administrator\desktop\30胡豆\hfmcompresscpro\hfmcompresscpro\compress.h(19): warning C4013: “InitHead”未定义；假设外部返回 int
     1>c:\users\administrator\desktop\30胡豆\hfmcompresscpro\hfmcompresscpro\compress.h(42): warning C4013: “Encode”未定义；假设外部返回 int
     1>c:\users\administrator\desktop\30胡豆\hfmcompresscpro\hfmcompresscpro\compress.h(50): warning C4013: “WriteFile”未定义；假设外部返回 int
     1>c:\users\administrator\desktop\30胡豆\hfmcompresscpro\hfmcompresscpro\compress.h(14): warning C4101: “j”: 未引用的局部变量
     1>c:\users\administrator\desktop\30胡豆\hfmcompresscpro\hfmcompresscpro\compress.h(67): warning C4996: 'strcpy': This function or variable may be unsafe. Consider using strcpy_s instead. To disable deprecation, use _CRT_SECURE_NO_WARNINGS. See online help for details.
                 c:\program files (x86)\microsoft visual studio 10.0\vc\include\string.h(105) : 参见“strcpy”的声明
     1>c:\users\administrator\desktop\30胡豆\hfmcompresscpro\hfmcompresscpro\compress.h(76): warning C4996: 'fopen': This function or variable may be unsafe. Consider using fopen_s instead. To disable deprecation, use _CRT_SECURE_NO_WARNINGS. See online help for details.
                 c:\program files (x86)\microsoft visual studio 10.0\vc\include\stdio.h(234) : 参见“fopen”的声明
     1>c:\users\administrator\desktop\30胡豆\hfmcompresscpro\hfmcompresscpro\compress.h(116): warning C4996: 'fopen': This function or variable may be unsafe. Consider using fopen_s instead. To disable deprecation, use _CRT_SECURE_NO_WARNINGS. See online help for details.
                 c:\program files (x86)\microsoft visual studio 10.0\vc\include\stdio.h(234) : 参见“fopen”的声明
     1>c:\users\administrator\desktop\30胡豆\hfmcompresscpro\hfmcompresscpro\compress.h(162): warning C4996: 'strcpy': This function or variable may be unsafe. Consider using strcpy_s instead. To disable deprecation, use _CRT_SECURE_NO_WARNINGS. See online help for details.
                 c:\program files (x86)\microsoft visual studio 10.0\vc\include\string.h(105) : 参见“strcpy”的声明
     1>c:\users\administrator\desktop\30胡豆\hfmcompresscpro\hfmcompresscpro\compress.h(163): warning C4996: 'strcat': This function or variable may be unsafe. Consider using strcat_s instead. To disable deprecation, use _CRT_SECURE_NO_WARNINGS. See online help for details.
                 c:\program files (x86)\microsoft visual studio 10.0\vc\include\string.h(110) : 参见“strcat”的声明
     1>c:\users\administrator\desktop\30胡豆\hfmcompresscpro\hfmcompresscpro\compress.h(165): warning C4996: 'fopen': This function or variable may be unsafe. Consider using fopen_s instead. To disable deprecation, use _CRT_SECURE_NO_WARNINGS. See online help for details.
                 c:\program files (x86)\microsoft visual studio 10.0\vc\include\stdio.h(234) : 参见“fopen”的声明
     1>c:\users\administrator\desktop\30胡豆\hfmcompresscpro\hfmcompresscpro\main.c(13): warning C4996: 'scanf': This function or variable may be unsafe. Consider using scanf_s instead. To disable deprecation, use _CRT_SECURE_NO_WARNINGS. See online help for details.
                 c:\program files (x86)\microsoft visual studio 10.0\vc\include\stdio.h(304) : 参见“scanf”的声明
     1>c:\users\administrator\desktop\30胡豆\hfmcompresscpro\hfmcompresscpro\compress.h(92): warning C4715: “InitHead”: 不是所有的控件路径都返回值
       ManifestResourceCompile:
         所有输出均为最新。
       Link:
         C:\Program Files (x86)\Microsoft Visual Studio 10.0\VC\bin\link.exe /ERRORREPORT:PROMPT /OUT:"C:\Users\Administrator\Desktop\30胡豆\HfmCompressCPro\Debug\HfmCompressCPro.exe" /INCREMENTAL /NOLOGO kernel32.lib user32.lib gdi32.lib winspool.lib comdlg32.lib advapi32.lib shell32.lib ole32.lib oleaut32.lib uuid.lib odbc32.lib odbccp32.lib /MANIFEST /ManifestFile:"Debug\HfmCompressCPro.exe.intermediate.manifest" /MANIFESTUAC:"level='asInvoker' uiAccess='false'" /DEBUG /PDB:"C:\Users\Administrator\Desktop\30胡豆\HfmCompressCPro\Debug\HfmCompressCPro.pdb" /SUBSYSTEM:CONSOLE /TLBID:1 /DYNAMICBASE /NXCOMPAT /IMPLIB:"C:\Users\Administrator\Desktop\30胡豆\HfmCompressCPro\Debug\HfmCompressCPro.lib" /MACHINE:X86 Debug\HfmCompressCPro.exe.embed.manifest.res
         Debug\Main.obj
       Manifest:
         C:\Program Files (x86)\Microsoft SDKs\Windows\v7.0A\bin\mt.exe /nologo /verbose /out:"Debug\HfmCompressCPro.exe.embed.manifest" /manifest Debug\HfmCompressCPro.exe.intermediate.manifest
         所有输出均为最新。
       LinkEmbedManifest:
         所有输出均为最新。
         HfmCompressCPro.vcxproj -> C:\Users\Administrator\Desktop\30胡豆\HfmCompressCPro\Debug\HfmCompressCPro.exe
       FinalizeBuildStatus:
         正在删除文件“Debug\HfmCompressCPro.unsuccessfulbuild”。
         正在对“Debug\HfmCompressCPro.lastbuildstate”执行 Touch 任务。
     1>已完成生成项目“C:\Users\Administrator\Desktop\30胡豆\HfmCompressCPro\HfmCompressCPro\HfmCompressCPro.vcxproj”(build 个目标)的操作。

生成成功。

已用时间 00:00:01.15
